<?xml version="1.0" encoding="UTF-8"?>
<testsuite name="com.proyectoTC.Taller_17_TC.controllers.StateInvoiceControllerTest" tests="1" skipped="0" failures="0" errors="0" timestamp="2024-03-26T21:51:54" hostname="SB00144823" time="0.034">
  <properties/>
  <testcase name="shouldGetStateInvoices()" classname="com.proyectoTC.Taller_17_TC.controllers.StateInvoiceControllerTest" time="0.034"/>
  <system-out><![CDATA[]]></system-out>
  <system-err><![CDATA[]]></system-err>
</testsuite>
