<?xml version="1.0" encoding="UTF-8"?>
<testsuite name="com.proyectoTC.Taller_17_TC.utils.FileLoaderImplTestTest" tests="1" skipped="0" failures="0" errors="0" timestamp="2024-03-26T21:52:09" hostname="SB00144823" time="0.022">
  <properties/>
  <testcase name="testGetData()" classname="com.proyectoTC.Taller_17_TC.utils.FileLoaderImplTestTest" time="0.022"/>
  <system-out><![CDATA[]]></system-out>
  <system-err><![CDATA[]]></system-err>
</testsuite>
