<?xml version="1.0" encoding="UTF-8"?>
<testsuite name="com.proyectoTC.Taller_17_TC.controllers.WalletControllerTest" tests="2" skipped="0" failures="0" errors="0" timestamp="2024-03-26T21:51:54" hostname="SB00144823" time="0.021">
  <properties/>
  <testcase name="shouldGetBalance()" classname="com.proyectoTC.Taller_17_TC.controllers.WalletControllerTest" time="0.019"/>
  <testcase name="shouldGetAllWallets()" classname="com.proyectoTC.Taller_17_TC.controllers.WalletControllerTest" time="0.001"/>
  <system-out><![CDATA[]]></system-out>
  <system-err><![CDATA[]]></system-err>
</testsuite>
