<?xml version="1.0" encoding="UTF-8"?>
<testsuite name="com.proyectoTC.Taller_17_TC.services.WalletServiceTest" tests="7" skipped="0" failures="0" errors="0" timestamp="2024-03-26T21:52:09" hostname="SB00144823" time="0.204">
  <properties/>
  <testcase name="shouldThrowNoDataFoundException2()" classname="com.proyectoTC.Taller_17_TC.services.WalletServiceTest" time="0.173"/>
  <testcase name="shouldThrowNoDataFoundException3()" classname="com.proyectoTC.Taller_17_TC.services.WalletServiceTest" time="0.019"/>
  <testcase name="shouldUpdateBalanceWithSave()" classname="com.proyectoTC.Taller_17_TC.services.WalletServiceTest" time="0.004"/>
  <testcase name="shouldGetWallet()" classname="com.proyectoTC.Taller_17_TC.services.WalletServiceTest" time="0.002"/>
  <testcase name="shouldThrowValidateServiceException()" classname="com.proyectoTC.Taller_17_TC.services.WalletServiceTest" time="0.002"/>
  <testcase name="shouldGetAllWallets()" classname="com.proyectoTC.Taller_17_TC.services.WalletServiceTest" time="0.001"/>
  <testcase name="shouldThrowNoDataFoundException()" classname="com.proyectoTC.Taller_17_TC.services.WalletServiceTest" time="0.002"/>
  <system-out><![CDATA[]]></system-out>
  <system-err><![CDATA[]]></system-err>
</testsuite>
