<?xml version="1.0" encoding="UTF-8"?>
<testsuite name="com.proyectoTC.Taller_17_TC.controllers.CommissionControllerTest" tests="3" skipped="0" failures="0" errors="0" timestamp="2024-03-26T21:51:54" hostname="SB00144823" time="0.063">
  <properties/>
  <testcase name="shouldGetCommissions()" classname="com.proyectoTC.Taller_17_TC.controllers.CommissionControllerTest" time="0.059"/>
  <testcase name="shouldGenerateCommission()" classname="com.proyectoTC.Taller_17_TC.controllers.CommissionControllerTest" time="0.002"/>
  <testcase name="shouldGetCommissionsByDateRange()" classname="com.proyectoTC.Taller_17_TC.controllers.CommissionControllerTest" time="0.002"/>
  <system-out><![CDATA[]]></system-out>
  <system-err><![CDATA[]]></system-err>
</testsuite>
