<?xml version="1.0" encoding="UTF-8"?>
<testsuite name="com.proyectoTC.Taller_17_TC.converters.AgreementTypeConverterTest" tests="8" skipped="0" failures="0" errors="0" timestamp="2024-03-26T21:51:54" hostname="SB00144823" time="0.011">
  <properties/>
  <testcase name="shouldReturnEmptyEntityListFromEmptyDtoList()" classname="com.proyectoTC.Taller_17_TC.converters.AgreementTypeConverterTest" time="0.002"/>
  <testcase name="shouldReturnDtoListFromEntityList()" classname="com.proyectoTC.Taller_17_TC.converters.AgreementTypeConverterTest" time="0.002"/>
  <testcase name="shouldReturnDtoFromEntity()" classname="com.proyectoTC.Taller_17_TC.converters.AgreementTypeConverterTest" time="0.001"/>
  <testcase name="shouldReturnNullInEntityFromDto()" classname="com.proyectoTC.Taller_17_TC.converters.AgreementTypeConverterTest" time="0.001"/>
  <testcase name="shouldReturnEmptyDtoListFromEmptyEntityList()" classname="com.proyectoTC.Taller_17_TC.converters.AgreementTypeConverterTest" time="0.001"/>
  <testcase name="shouldReturnEntityFromDto()" classname="com.proyectoTC.Taller_17_TC.converters.AgreementTypeConverterTest" time="0.001"/>
  <testcase name="shouldReturnNullInDtoFromEntity()" classname="com.proyectoTC.Taller_17_TC.converters.AgreementTypeConverterTest" time="0.001"/>
  <testcase name="shouldReturnEntityListFromDtoList()" classname="com.proyectoTC.Taller_17_TC.converters.AgreementTypeConverterTest" time="0.001"/>
  <system-out><![CDATA[]]></system-out>
  <system-err><![CDATA[]]></system-err>
</testsuite>
