<?xml version="1.0" encoding="UTF-8"?>
<testsuite name="com.proyectoTC.Taller_17_TC.utils.FileProcessorImplTest" tests="5" skipped="0" failures="0" errors="0" timestamp="2024-03-26T21:52:09" hostname="SB00144823" time="0.035">
  <properties/>
  <testcase name="testGenerateConsistentPayment()" classname="com.proyectoTC.Taller_17_TC.utils.FileProcessorImplTest" time="0.01"/>
  <testcase name="testConvertDate()" classname="com.proyectoTC.Taller_17_TC.utils.FileProcessorImplTest" time="0.001"/>
  <testcase name="testGenerateInconsistentPayment()" classname="com.proyectoTC.Taller_17_TC.utils.FileProcessorImplTest" time="0.001"/>
  <testcase name="testUpdateWallet()" classname="com.proyectoTC.Taller_17_TC.utils.FileProcessorImplTest" time="0.002"/>
  <testcase name="shouldThrownValidateExceptionWithFirstLineBlank()" classname="com.proyectoTC.Taller_17_TC.utils.FileProcessorImplTest" time="0.019"/>
  <system-out><![CDATA[]]></system-out>
  <system-err><![CDATA[]]></system-err>
</testsuite>
