<?xml version="1.0" encoding="UTF-8"?>
<testsuite name="com.proyectoTC.Taller_17_TC.services.CommissionServiceTest" tests="5" skipped="0" failures="0" errors="0" timestamp="2024-03-26T21:51:55" hostname="SB00144823" time="0.082">
  <properties/>
  <testcase name="shouldGenerateCommissionManually()" classname="com.proyectoTC.Taller_17_TC.services.CommissionServiceTest" time="0.071"/>
  <testcase name="shouldThrowNoDataFoundExceptionInDateRange()" classname="com.proyectoTC.Taller_17_TC.services.CommissionServiceTest" time="0.003"/>
  <testcase name="shouldGetAllCommissionsByBranchOfficeAndDateRange()" classname="com.proyectoTC.Taller_17_TC.services.CommissionServiceTest" time="0.001"/>
  <testcase name="shouldGetAllCommissionsByBranchOffice()" classname="com.proyectoTC.Taller_17_TC.services.CommissionServiceTest" time="0.002"/>
  <testcase name="shouldThrowNoDataFoundException()" classname="com.proyectoTC.Taller_17_TC.services.CommissionServiceTest" time="0.003"/>
  <system-out><![CDATA[]]></system-out>
  <system-err><![CDATA[]]></system-err>
</testsuite>
