<?xml version="1.0" encoding="UTF-8"?>
<testsuite name="com.proyectoTC.Taller_17_TC.services.StateInvoiceServiceTest" tests="1" skipped="0" failures="0" errors="0" timestamp="2024-03-26T21:52:09" hostname="SB00144823" time="0.031">
  <properties/>
  <testcase name="shouldGetAllStateInvoice()" classname="com.proyectoTC.Taller_17_TC.services.StateInvoiceServiceTest" time="0.031"/>
  <system-out><![CDATA[]]></system-out>
  <system-err><![CDATA[]]></system-err>
</testsuite>
