<?xml version="1.0" encoding="UTF-8"?>
<testsuite name="com.proyectoTC.Taller_17_TC.controllers.PaymentControllerTest" tests="4" skipped="0" failures="0" errors="0" timestamp="2024-03-26T21:51:54" hostname="SB00144823" time="0.043">
  <properties/>
  <testcase name="shouldGetConsistentPaymentsByDateRange()" classname="com.proyectoTC.Taller_17_TC.controllers.PaymentControllerTest" time="0.039"/>
  <testcase name="shouldGetInconsistentPayments()" classname="com.proyectoTC.Taller_17_TC.controllers.PaymentControllerTest" time="0.002"/>
  <testcase name="shouldGetConsistentPayments()" classname="com.proyectoTC.Taller_17_TC.controllers.PaymentControllerTest" time="0.001"/>
  <testcase name="shouldGetInconsistentPaymentsByDateRange()" classname="com.proyectoTC.Taller_17_TC.controllers.PaymentControllerTest" time="0.001"/>
  <system-out><![CDATA[]]></system-out>
  <system-err><![CDATA[]]></system-err>
</testsuite>
